<?xml version="1.0" encoding="UTF-8"?>
<Site BuildName="Linux-g++"
	BuildStamp="20240329-2110-Experimental"
	Name="DESKTOP-TAIFTRK"
	Generator="ctest-3.22.1"
	CompilerName="/usr/bin/g++"
	CompilerVersion="11.4.0"
	OSName="Linux"
	Hostname="DESKTOP-TAIFTRK"
	OSRelease="5.15.146.1-microsoft-standard-WSL2"
	OSVersion="#1 SMP Thu Jan 11 04:09:03 UTC 2024"
	OSPlatform="x86_64"
	Is64Bits="1"
	VendorString="AuthenticAMD"
	VendorID="Advanced Micro Devices"
	FamilyID="23"
	ModelID="113"
	ProcessorCacheSize="512"
	NumberOfLogicalCPU="12"
	NumberOfPhysicalCPU="6"
	TotalVirtualMemory="2048"
	TotalPhysicalMemory="7911"
	LogicalProcessorsPerPhysical="2"
	ProcessorClockFrequency="4100.01"
	>
	<Testing>
		<StartDateTime>Mar 29 22:12 CET</StartDateTime>
		<StartTestTime>1711746739</StartTestTime>
		<TestList/>
		<EndDateTime>Mar 29 22:12 CET</EndDateTime>
		<EndTestTime>1711746739</EndTestTime>
		<ElapsedMinutes>0</ElapsedMinutes>
	</Testing>
</Site>
